\BOOKMARK [1][-]{section*.1}{\376\377\000L\000a\000s\000s\000o\000\040\000R\000e\000g\000r\000e\000s\000s\000i\000o\000n}{}% 1
\BOOKMARK [2][-]{section*.2}{\376\377\0001}{section*.1}% 2
\BOOKMARK [2][-]{section*.3}{\376\377\000b}{section*.1}% 3
\BOOKMARK [2][-]{section*.4}{\376\377\000c}{section*.1}% 4
\BOOKMARK [2][-]{section*.5}{\376\377\000d}{section*.1}% 5
\BOOKMARK [2][-]{section*.6}{\376\377\000e}{section*.1}% 6
\BOOKMARK [1][-]{section*.7}{\376\377\000B\000a\000y\000e\000s\000i\000a\000n\000\040\000A\000n\000a\000l\000y\000s\000i\000s\000\040\000o\000f\000\040\000E\000x\000p\000o\000n\000e\000n\000t\000i\000a\000l\000\040\000D\000i\000s\000t\000r\000i\000b\000u\000t\000i\000o\000n}{}% 7
\BOOKMARK [2][-]{section*.8}{\376\377\000a}{section*.7}% 8
\BOOKMARK [2][-]{section*.9}{\376\377\000b}{section*.7}% 9
\BOOKMARK [2][-]{section*.10}{\376\377\000c}{section*.7}% 10
\BOOKMARK [2][-]{section*.11}{\376\377\000d}{section*.7}% 11
\BOOKMARK [2][-]{section*.12}{\376\377\000e}{section*.7}% 12
\BOOKMARK [1][-]{section*.13}{\376\377\000N\000a\000i\000v\000e\000\040\000B\000a\000y\000e\000s}{}% 13
\BOOKMARK [2][-]{section*.14}{\376\377\000a}{section*.13}% 14
\BOOKMARK [2][-]{section*.15}{\376\377\000b}{section*.13}% 15
\BOOKMARK [2][-]{section*.16}{\376\377\000c}{section*.13}% 16
\BOOKMARK [2][-]{section*.17}{\376\377\000e}{section*.13}% 17
\BOOKMARK [1][-]{section*.18}{\376\377\000D\000e\000c\000i\000s\000i\000o\000n\000\040\000B\000o\000u\000n\000d\000a\000r\000y}{}% 18
\BOOKMARK [2][-]{section*.19}{\376\377\000a}{section*.18}% 19
\BOOKMARK [2][-]{section*.20}{\376\377\000b}{section*.18}% 20
\BOOKMARK [1][-]{section*.21}{\376\377\000N\000e\000w\000t\000o\000n\040\031\000s\000\040\000M\000e\000t\000h\000o\000d\000\040\000a\000s\000\040\000S\000o\000l\000v\000e\000r\000\040\000F\000o\000r\000\040\000L\000i\000n\000e\000a\000r\000\040\000R\000e\000g\000r\000e\000s\000s\000i\000o\000n\000\040\000P\000r\000o\000b\000l\000e\000m}{}% 21
\BOOKMARK [2][-]{section*.22}{\376\377\000a}{section*.21}% 22
\BOOKMARK [2][-]{section*.23}{\376\377\000b}{section*.21}% 23
\BOOKMARK [1][-]{section*.24}{\376\377\000M\000u\000l\000t\000i\000v\000a\000r\000i\000a\000t\000e\000\040\000L\000e\000a\000s\000t\000\040\000S\000q\000u\000a\000r\000e\000s}{}% 24
\BOOKMARK [2][-]{section*.25}{\376\377\000a}{section*.24}% 25
\BOOKMARK [2][-]{section*.26}{\376\377\000b}{section*.24}% 26
\BOOKMARK [2][-]{section*.27}{\376\377\000c}{section*.24}% 27
\BOOKMARK [1][-]{section*.28}{\376\377\000C\000h\000o\000o\000s\000i\000n\000g\000\040\000A\000\040\000P\000r\000o\000p\000e\000r\000\040\000M\000a\000p\000p\000i\000n\000g}{}% 28
